Using pre-set license
Built from '2020.3/staging' branch; Version is '2020.3.4f1 (0abb6314276a) revision 703331'; Using compiler version '192528614'; Build Type 'Release'
OS: 'Windows 10 Home; OS build 19042.928; Version 2009; 64bit' Language: 'en' Physical Memory: 16228 MB
BatchMode: 1, IsHumanControllingUs: 0, StartBugReporterOnCrash: 0, Is64bit: 1, IsPro: 0

 COMMAND LINE ARGUMENTS:
C:\Program Files\Unity\Hub\Editor\2020.3.4f1\Editor\Unity.exe
-adb2
-batchMode
-noUpm
-name
AssetImportWorker0
-projectPath
C:/Users/Jonat/Downloads/Current Assessments/GST201 Assessment 3/Git/GST201-Assessment3/GST
-logFile
Logs/AssetImportWorker0.log
-srvPort
57846
Successfully changed project path to: C:/Users/Jonat/Downloads/Current Assessments/GST201 Assessment 3/Git/GST201-Assessment3/GST
C:/Users/Jonat/Downloads/Current Assessments/GST201 Assessment 3/Git/GST201-Assessment3/GST
Using Asset Import Pipeline V2.
Refreshing native plugins compatible for Editor in 33.55 ms, found 1 plugins.
Preloading 0 native plugins for Editor in 0.00 ms.
Initialize engine version: 2020.3.4f1 (0abb6314276a)
[Subsystems] Discovering subsystems at path C:/Program Files/Unity/Hub/Editor/2020.3.4f1/Editor/Data/Resources/UnitySubsystems
[Subsystems] Discovering subsystems at path C:/Users/Jonat/Downloads/Current Assessments/GST201 Assessment 3/Git/GST201-Assessment3/GST/Assets
GfxDevice: creating device client; threaded=0
Direct3D:
    Version:  Direct3D 11.0 [level 11.1]
    Renderer: NVIDIA GeForce RTX 2060 (ID=0x1f11)
    Vendor:   
    VRAM:     5980 MB
    Driver:   27.21.14.6611
Initialize mono
Mono path[0] = 'C:/Program Files/Unity/Hub/Editor/2020.3.4f1/Editor/Data/Managed'
Mono path[1] = 'C:/Program Files/Unity/Hub/Editor/2020.3.4f1/Editor/Data/MonoBleedingEdge/lib/mono/unityjit'
Mono config path = 'C:/Program Files/Unity/Hub/Editor/2020.3.4f1/Editor/Data/MonoBleedingEdge/etc'
Using monoOptions --debugger-agent=transport=dt_socket,embedding=1,server=y,suspend=n,address=127.0.0.1:56156
Begin MonoManager ReloadAssembly
Registering precompiled unity dll's ...
Register platform support module: C:/Program Files/Unity/Hub/Editor/2020.3.4f1/Editor/Data/PlaybackEngines/WindowsStandaloneSupport/UnityEditor.WindowsStandalone.Extensions.dll
Registered in 0.001944 seconds.
Native extension for WindowsStandalone target not found
Refreshing native plugins compatible for Editor in 34.06 ms, found 1 plugins.
Preloading 0 native plugins for Editor in 0.00 ms.
Mono: successfully reloaded assembly
- Completed reload, in  0.909 seconds
Platform modules already initialized, skipping
Registering precompiled user dll's ...
Registered in 0.000924 seconds.
Begin MonoManager ReloadAssembly
Native extension for WindowsStandalone target not found
Refreshing native plugins compatible for Editor in 34.01 ms, found 1 plugins.
Preloading 0 native plugins for Editor in 0.00 ms.
Mono: successfully reloaded assembly
- Completed reload, in  0.838 seconds
Platform modules already initialized, skipping
========================================================================
Worker process is ready to serve import requests
Launched and connected shader compiler UnityShaderCompiler.exe after 0.08 seconds
Refreshing native plugins compatible for Editor in 0.31 ms, found 1 plugins.
Preloading 0 native plugins for Editor in 0.00 ms.
Unloading 1817 Unused Serialized files (Serialized files now loaded: 0)
System memory in use before: 85.9 MB.
System memory in use after: 85.8 MB.

Unloading 24 unused Assets to reduce memory usage. Loaded Objects now: 2261.
Total: 1.945300 ms (FindLiveObjects: 0.146900 ms CreateObjectMapping: 0.052000 ms MarkObjects: 1.637800 ms  DeleteObjects: 0.107800 ms)

========================================================================
Received Import Request.
  path: Assets/Scenes/Testing.unity
  artifactKey: Guid(24f55df6918429c43a7e9737444ae75a) Importer(815301076,1909f56bfc062723c751e8b465ee728b)
Start importing Assets/Scenes/Testing.unity using Guid(24f55df6918429c43a7e9737444ae75a) Importer(815301076,1909f56bfc062723c751e8b465ee728b)  -> (artifact id: '609153ad6421f3c0d91f859ac92dcbc5') in 0.032335 seconds
  Import took 0.034933 seconds .

========================================================================
Received Import Request.
  Time since last request: 1.393799 seconds.
  path: Assets/Scenes/Level 1.unity
  artifactKey: Guid(14b12ee88dc65e240bd7cba3160c1665) Importer(815301076,1909f56bfc062723c751e8b465ee728b)
Start importing Assets/Scenes/Level 1.unity using Guid(14b12ee88dc65e240bd7cba3160c1665) Importer(815301076,1909f56bfc062723c751e8b465ee728b)  -> (artifact id: 'b9080c4b1eb88cc844d3854f0eabeea5') in 0.024674 seconds
  Import took 0.027202 seconds .

========================================================================
Received Import Request.
  Time since last request: 13.366931 seconds.
  path: Assets/Scenes/Settings.unity
  artifactKey: Guid(cd27800405a565d4fa0eee042ef55364) Importer(815301076,1909f56bfc062723c751e8b465ee728b)
Start importing Assets/Scenes/Settings.unity using Guid(cd27800405a565d4fa0eee042ef55364) Importer(815301076,1909f56bfc062723c751e8b465ee728b)  -> (artifact id: '0541e99a7fadac6b24d57381a4850fde') in 0.026746 seconds
  Import took 0.029150 seconds .

========================================================================
Received Import Request.
  Time since last request: 21.111524 seconds.
  path: Assets/Scenes/Testing 1.unity
  artifactKey: Guid(aa73d696aa896e34595927ba0d4d676b) Importer(815301076,1909f56bfc062723c751e8b465ee728b)
Start importing Assets/Scenes/Testing 1.unity using Guid(aa73d696aa896e34595927ba0d4d676b) Importer(815301076,1909f56bfc062723c751e8b465ee728b)  -> (artifact id: '4f82df70aa359ee0d55a1b687883e5ba') in 0.026362 seconds
  Import took 0.029525 seconds .

========================================================================
Received Import Request.
  Time since last request: 2.839188 seconds.
  path: Assets/Scenes/Level 1.unity
  artifactKey: Guid(aa73d696aa896e34595927ba0d4d676b) Importer(815301076,1909f56bfc062723c751e8b465ee728b)
Start importing Assets/Scenes/Level 1.unity using Guid(aa73d696aa896e34595927ba0d4d676b) Importer(815301076,1909f56bfc062723c751e8b465ee728b)  -> (artifact id: '9df0c580a9bdc236f565d6e2aad084d7') in 0.024278 seconds
  Import took 0.026716 seconds .

========================================================================
Received Prepare
Registering precompiled user dll's ...
Registered in 0.000972 seconds.
Begin MonoManager ReloadAssembly
Native extension for WindowsStandalone target not found
Refreshing native plugins compatible for Editor in 0.33 ms, found 1 plugins.
Preloading 0 native plugins for Editor in 0.00 ms.
Mono: successfully reloaded assembly
- Completed reload, in  0.800 seconds
Platform modules already initialized, skipping
Refreshing native plugins compatible for Editor in 0.32 ms, found 1 plugins.
Preloading 0 native plugins for Editor in 0.00 ms.
Unloading 1812 Unused Serialized files (Serialized files now loaded: 0)
System memory in use before: 85.9 MB.
System memory in use after: 85.8 MB.

Unloading 12 unused Assets to reduce memory usage. Loaded Objects now: 2265.
Total: 1.854700 ms (FindLiveObjects: 0.178900 ms CreateObjectMapping: 0.061800 ms MarkObjects: 1.524400 ms  DeleteObjects: 0.088700 ms)

AssetImportWorkerClient::OnTransportError - code=2 error=End of file
